<?xml version="1.0" encoding="UTF-8"?>
<testng-results ignored="0" total="1" passed="1" failed="0" skipped="0">
  <reporter-output>
  </reporter-output>
  <suite started-at="2024-10-18T10:50:58 EDT" name="Default suite" finished-at="2024-10-18T10:51:05 EDT" duration-ms="6901">
    <groups>
    </groups>
    <test started-at="2024-10-18T10:50:58 EDT" name="Default test" finished-at="2024-10-18T10:51:05 EDT" duration-ms="6901">
      <class name="APITest.APITest.AppTest">
        <test-method signature="requestBody()[pri:0, instance:APITest.APITest.AppTest@7ed7259e]" started-at="2024-10-18T10:50:58 EDT" name="requestBody" finished-at="2024-10-18T10:51:05 EDT" duration-ms="6838" status="PASS">
          <reporter-output>
          </reporter-output>
        </test-method> <!-- requestBody -->
      </class> <!-- APITest.APITest.AppTest -->
    </test> <!-- Default test -->
  </suite> <!-- Default suite -->
</testng-results>
